INFO: [VRFC 10-2263] Analyzing Verilog file "/home/s3310914/Documents/eca1/DMA/DMA.ip_user_files/bd/Main/ip/Main_zynq_ultra_ps_e_0_0/sim/Main_zynq_ultra_ps_e_0_0_vip_wrapper.v" into library xil_defaultlib
INFO: [VRFC 10-311] analyzing module Main_zynq_ultra_ps_e_0_0
INFO: [VRFC 10-2263] Analyzing Verilog file "/home/s3310914/Documents/eca1/DMA/DMA.ip_user_files/bd/Main/ip/Main_xbar_0/sim/Main_xbar_0.v" into library xil_defaultlib
INFO: [VRFC 10-311] analyzing module Main_xbar_0
INFO: [VRFC 10-2263] Analyzing Verilog file "/home/s3310914/Documents/eca1/DMA/DMA.ip_user_files/bd/Main/ip/Main_smartconnect_0_1/bd_0/sim/bd_d575.v" into library xil_defaultlib
INFO: [VRFC 10-311] analyzing module bd_d575
INFO: [VRFC 10-311] analyzing module clk_map_imp_YDH7PE
INFO: [VRFC 10-311] analyzing module m00_exit_pipeline_imp_10FHQ55
INFO: [VRFC 10-311] analyzing module m00_nodes_imp_1MOCYB9
INFO: [VRFC 10-311] analyzing module s00_entry_pipeline_imp_3Z9GA
INFO: [VRFC 10-311] analyzing module s00_nodes_imp_62DGU8
INFO: [VRFC 10-311] analyzing module s01_entry_pipeline_imp_17143F2
INFO: [VRFC 10-311] analyzing module s01_nodes_imp_11YPM2E
INFO: [VRFC 10-311] analyzing module switchboards_imp_Z09KT0
INFO: [VRFC 10-2263] Analyzing Verilog file "/home/s3310914/Documents/eca1/DMA/DMA.ip_user_files/bd/Main/ip/Main_smartconnect_0_1/bd_0/ip/ip_0/sim/bd_d575_one_0.v" into library xil_defaultlib
INFO: [VRFC 10-311] analyzing module bd_d575_one_0
INFO: [VRFC 10-2263] Analyzing SystemVerilog file "/home/s3310914/Documents/eca1/DMA/DMA.ip_user_files/bd/Main/ip/Main_smartconnect_0_1/bd_0/ip/ip_2/sim/bd_d575_arsw_0.sv" into library xil_defaultlib
INFO: [VRFC 10-311] analyzing module bd_d575_arsw_0
INFO: [VRFC 10-2263] Analyzing SystemVerilog file "/home/s3310914/Documents/eca1/DMA/DMA.ip_user_files/bd/Main/ip/Main_smartconnect_0_1/bd_0/ip/ip_3/sim/bd_d575_rsw_0.sv" into library xil_defaultlib
INFO: [VRFC 10-311] analyzing module bd_d575_rsw_0
INFO: [VRFC 10-2263] Analyzing SystemVerilog file "/home/s3310914/Documents/eca1/DMA/DMA.ip_user_files/bd/Main/ip/Main_smartconnect_0_1/bd_0/ip/ip_4/sim/bd_d575_awsw_0.sv" into library xil_defaultlib
INFO: [VRFC 10-311] analyzing module bd_d575_awsw_0
INFO: [VRFC 10-2263] Analyzing SystemVerilog file "/home/s3310914/Documents/eca1/DMA/DMA.ip_user_files/bd/Main/ip/Main_smartconnect_0_1/bd_0/ip/ip_5/sim/bd_d575_wsw_0.sv" into library xil_defaultlib
INFO: [VRFC 10-311] analyzing module bd_d575_wsw_0
INFO: [VRFC 10-2263] Analyzing SystemVerilog file "/home/s3310914/Documents/eca1/DMA/DMA.ip_user_files/bd/Main/ip/Main_smartconnect_0_1/bd_0/ip/ip_6/sim/bd_d575_bsw_0.sv" into library xil_defaultlib
INFO: [VRFC 10-311] analyzing module bd_d575_bsw_0
INFO: [VRFC 10-2263] Analyzing SystemVerilog file "/home/s3310914/Documents/eca1/DMA/DMA.ip_user_files/bd/Main/ip/Main_smartconnect_0_1/bd_0/ip/ip_7/sim/bd_d575_s00mmu_0.sv" into library xil_defaultlib
INFO: [VRFC 10-311] analyzing module bd_d575_s00mmu_0
INFO: [VRFC 10-2263] Analyzing SystemVerilog file "/home/s3310914/Documents/eca1/DMA/DMA.ip_user_files/bd/Main/ip/Main_smartconnect_0_1/bd_0/ip/ip_8/sim/bd_d575_s00tr_0.sv" into library xil_defaultlib
INFO: [VRFC 10-311] analyzing module bd_d575_s00tr_0
INFO: [VRFC 10-2263] Analyzing SystemVerilog file "/home/s3310914/Documents/eca1/DMA/DMA.ip_user_files/bd/Main/ip/Main_smartconnect_0_1/bd_0/ip/ip_9/sim/bd_d575_s00sic_0.sv" into library xil_defaultlib
INFO: [VRFC 10-311] analyzing module bd_d575_s00sic_0
INFO: [VRFC 10-2263] Analyzing SystemVerilog file "/home/s3310914/Documents/eca1/DMA/DMA.ip_user_files/bd/Main/ip/Main_smartconnect_0_1/bd_0/ip/ip_10/sim/bd_d575_s00a2s_0.sv" into library xil_defaultlib
INFO: [VRFC 10-311] analyzing module bd_d575_s00a2s_0
INFO: [VRFC 10-2263] Analyzing SystemVerilog file "/home/s3310914/Documents/eca1/DMA/DMA.ip_user_files/bd/Main/ip/Main_smartconnect_0_1/bd_0/ip/ip_11/sim/bd_d575_sarn_0.sv" into library xil_defaultlib
INFO: [VRFC 10-311] analyzing module bd_d575_sarn_0
INFO: [VRFC 10-2263] Analyzing SystemVerilog file "/home/s3310914/Documents/eca1/DMA/DMA.ip_user_files/bd/Main/ip/Main_smartconnect_0_1/bd_0/ip/ip_12/sim/bd_d575_srn_0.sv" into library xil_defaultlib
INFO: [VRFC 10-311] analyzing module bd_d575_srn_0
INFO: [VRFC 10-2263] Analyzing SystemVerilog file "/home/s3310914/Documents/eca1/DMA/DMA.ip_user_files/bd/Main/ip/Main_smartconnect_0_1/bd_0/ip/ip_13/sim/bd_d575_s01mmu_0.sv" into library xil_defaultlib
INFO: [VRFC 10-311] analyzing module bd_d575_s01mmu_0
INFO: [VRFC 10-2263] Analyzing SystemVerilog file "/home/s3310914/Documents/eca1/DMA/DMA.ip_user_files/bd/Main/ip/Main_smartconnect_0_1/bd_0/ip/ip_14/sim/bd_d575_s01tr_0.sv" into library xil_defaultlib
INFO: [VRFC 10-311] analyzing module bd_d575_s01tr_0
INFO: [VRFC 10-2263] Analyzing SystemVerilog file "/home/s3310914/Documents/eca1/DMA/DMA.ip_user_files/bd/Main/ip/Main_smartconnect_0_1/bd_0/ip/ip_15/sim/bd_d575_s01sic_0.sv" into library xil_defaultlib
INFO: [VRFC 10-311] analyzing module bd_d575_s01sic_0
INFO: [VRFC 10-2263] Analyzing SystemVerilog file "/home/s3310914/Documents/eca1/DMA/DMA.ip_user_files/bd/Main/ip/Main_smartconnect_0_1/bd_0/ip/ip_16/sim/bd_d575_s01a2s_0.sv" into library xil_defaultlib
INFO: [VRFC 10-311] analyzing module bd_d575_s01a2s_0
INFO: [VRFC 10-2263] Analyzing SystemVerilog file "/home/s3310914/Documents/eca1/DMA/DMA.ip_user_files/bd/Main/ip/Main_smartconnect_0_1/bd_0/ip/ip_17/sim/bd_d575_sawn_0.sv" into library xil_defaultlib
INFO: [VRFC 10-311] analyzing module bd_d575_sawn_0
INFO: [VRFC 10-2263] Analyzing SystemVerilog file "/home/s3310914/Documents/eca1/DMA/DMA.ip_user_files/bd/Main/ip/Main_smartconnect_0_1/bd_0/ip/ip_18/sim/bd_d575_swn_0.sv" into library xil_defaultlib
INFO: [VRFC 10-311] analyzing module bd_d575_swn_0
INFO: [VRFC 10-2263] Analyzing SystemVerilog file "/home/s3310914/Documents/eca1/DMA/DMA.ip_user_files/bd/Main/ip/Main_smartconnect_0_1/bd_0/ip/ip_19/sim/bd_d575_sbn_0.sv" into library xil_defaultlib
INFO: [VRFC 10-311] analyzing module bd_d575_sbn_0
INFO: [VRFC 10-2263] Analyzing SystemVerilog file "/home/s3310914/Documents/eca1/DMA/DMA.ip_user_files/bd/Main/ip/Main_smartconnect_0_1/bd_0/ip/ip_20/sim/bd_d575_m00s2a_0.sv" into library xil_defaultlib
INFO: [VRFC 10-311] analyzing module bd_d575_m00s2a_0
INFO: [VRFC 10-2263] Analyzing SystemVerilog file "/home/s3310914/Documents/eca1/DMA/DMA.ip_user_files/bd/Main/ip/Main_smartconnect_0_1/bd_0/ip/ip_21/sim/bd_d575_m00arn_0.sv" into library xil_defaultlib
INFO: [VRFC 10-311] analyzing module bd_d575_m00arn_0
INFO: [VRFC 10-2263] Analyzing SystemVerilog file "/home/s3310914/Documents/eca1/DMA/DMA.ip_user_files/bd/Main/ip/Main_smartconnect_0_1/bd_0/ip/ip_22/sim/bd_d575_m00rn_0.sv" into library xil_defaultlib
INFO: [VRFC 10-311] analyzing module bd_d575_m00rn_0
INFO: [VRFC 10-2263] Analyzing SystemVerilog file "/home/s3310914/Documents/eca1/DMA/DMA.ip_user_files/bd/Main/ip/Main_smartconnect_0_1/bd_0/ip/ip_23/sim/bd_d575_m00awn_0.sv" into library xil_defaultlib
INFO: [VRFC 10-311] analyzing module bd_d575_m00awn_0
INFO: [VRFC 10-2263] Analyzing SystemVerilog file "/home/s3310914/Documents/eca1/DMA/DMA.ip_user_files/bd/Main/ip/Main_smartconnect_0_1/bd_0/ip/ip_24/sim/bd_d575_m00wn_0.sv" into library xil_defaultlib
INFO: [VRFC 10-311] analyzing module bd_d575_m00wn_0
INFO: [VRFC 10-2263] Analyzing SystemVerilog file "/home/s3310914/Documents/eca1/DMA/DMA.ip_user_files/bd/Main/ip/Main_smartconnect_0_1/bd_0/ip/ip_25/sim/bd_d575_m00bn_0.sv" into library xil_defaultlib
INFO: [VRFC 10-311] analyzing module bd_d575_m00bn_0
INFO: [VRFC 10-2263] Analyzing SystemVerilog file "/home/s3310914/Documents/eca1/DMA/DMA.ip_user_files/bd/Main/ip/Main_smartconnect_0_1/bd_0/ip/ip_26/sim/bd_d575_m00e_0.sv" into library xil_defaultlib
INFO: [VRFC 10-311] analyzing module bd_d575_m00e_0
INFO: [VRFC 10-2263] Analyzing Verilog file "/home/s3310914/Documents/eca1/DMA/DMA.ip_user_files/bd/Main/ip/Main_smartconnect_0_1/sim/Main_smartconnect_0_1.v" into library xil_defaultlib
INFO: [VRFC 10-311] analyzing module Main_smartconnect_0_1
INFO: [VRFC 10-2263] Analyzing Verilog file "/home/s3310914/Documents/eca1/DMA/DMA.ip_user_files/bd/Main/ip/Main_axis_data_fifo_0_0/sim/Main_axis_data_fifo_0_0.v" into library xil_defaultlib
INFO: [VRFC 10-311] analyzing module Main_axis_data_fifo_0_0
INFO: [VRFC 10-2263] Analyzing Verilog file "/home/s3310914/Documents/eca1/DMA/DMA.ip_user_files/bd/Main/sim/Main.v" into library xil_defaultlib
INFO: [VRFC 10-311] analyzing module Main
INFO: [VRFC 10-311] analyzing module Main_axi_interconnect_0_0
INFO: [VRFC 10-311] analyzing module m00_couplers_imp_HFEVOY
INFO: [VRFC 10-311] analyzing module s00_couplers_imp_1WXCDZB
INFO: [VRFC 10-311] analyzing module s01_couplers_imp_S4TXO1
INFO: [VRFC 10-2263] Analyzing Verilog file "/home/s3310914/Documents/eca1/DMA/DMA.ip_user_files/bd/Main/ip/Main_auto_ds_0/sim/Main_auto_ds_0.v" into library xil_defaultlib
INFO: [VRFC 10-311] analyzing module Main_auto_ds_0
INFO: [VRFC 10-2263] Analyzing Verilog file "/home/s3310914/Documents/eca1/DMA/DMA.ip_user_files/bd/Main/ip/Main_auto_pc_0/sim/Main_auto_pc_0.v" into library xil_defaultlib
INFO: [VRFC 10-311] analyzing module Main_auto_pc_0
INFO: [VRFC 10-2263] Analyzing Verilog file "/home/s3310914/Documents/eca1/DMA/DMA.ip_user_files/bd/Main/ip/Main_auto_ds_1/sim/Main_auto_ds_1.v" into library xil_defaultlib
INFO: [VRFC 10-311] analyzing module Main_auto_ds_1
INFO: [VRFC 10-2263] Analyzing Verilog file "/home/s3310914/Documents/eca1/DMA/DMA.ip_user_files/bd/Main/ip/Main_auto_pc_1/sim/Main_auto_pc_1.v" into library xil_defaultlib
INFO: [VRFC 10-311] analyzing module Main_auto_pc_1
INFO: [VRFC 10-2263] Analyzing Verilog file "/home/s3310914/Documents/eca1/DMA/DMA.gen/sources_1/bd/Main/hdl/Main_wrapper.v" into library xil_defaultlib
INFO: [VRFC 10-311] analyzing module Main_wrapper
INFO: [VRFC 10-2263] Analyzing Verilog file "/home/s3310914/Documents/eca1/DMA/DMA.sim/sim_1/behav/xsim/glbl.v" into library xil_defaultlib
INFO: [VRFC 10-311] analyzing module glbl
INFO: [VRFC 10-163] Analyzing VHDL file "/home/s3310914/Documents/eca1/DMA/DMA.ip_user_files/bd/Main/ip/Main_rst_ps8_0_96M_0/sim/Main_rst_ps8_0_96M_0.vhd" into library xil_defaultlib
INFO: [VRFC 10-3107] analyzing entity 'Main_rst_ps8_0_96M_0'
INFO: [VRFC 10-163] Analyzing VHDL file "/home/s3310914/Documents/eca1/DMA/DMA.ip_user_files/bd/Main/ip/Main_axi_dma_0_0/sim/Main_axi_dma_0_0.vhd" into library xil_defaultlib
INFO: [VRFC 10-3107] analyzing entity 'Main_axi_dma_0_0'
INFO: [VRFC 10-163] Analyzing VHDL file "/home/s3310914/Documents/eca1/DMA/DMA.ip_user_files/bd/Main/ip/Main_smartconnect_0_1/bd_0/ip/ip_1/sim/bd_d575_psr_aclk_0.vhd" into library xil_defaultlib
INFO: [VRFC 10-3107] analyzing entity 'bd_d575_psr_aclk_0'
INFO: [VRFC 10-163] Analyzing VHDL file "/home/s3310914/Documents/eca1/DMA/DMA.ip_user_files/bd/Main/ipshared/d15b/src/inverter.vhd" into library xil_defaultlib
INFO: [VRFC 10-3107] analyzing entity 'convoluter'
INFO: [VRFC 10-163] Analyzing VHDL file "/home/s3310914/Documents/eca1/DMA/DMA.ip_user_files/bd/Main/ip/Main_convoluter_0_1/sim/Main_convoluter_0_1.vhd" into library xil_defaultlib
INFO: [VRFC 10-3107] analyzing entity 'Main_convoluter_0_1'
