Copyright 1986-2022 Xilinx, Inc. All Rights Reserved. Copyright 2022-2023 Advanced Micro Devices, Inc. All Rights Reserved.
---------------------------------------------------------------------------------------------------------------------------------------------
| Tool Version : Vivado v.2023.1 (lin64) Build 3865809 Sun May  7 15:04:56 MDT 2023
| Date         : Thu Nov  9 13:23:11 2023
| Host         : xoc2.ewi.utwente.nl running 64-bit CentOS Linux release 7.9.2009 (Core)
| Command      : upgrade_ip
| Device       : xck26-sfvc784-2LV-c
---------------------------------------------------------------------------------------------------------------------------------------------

Upgrade Log for IP 'Main_convoluter_0_1'

1. Summary
----------

SUCCESS in the upgrade of Main_convoluter_0_1 (caes:user:convoluter:1.0) from (Rev. 15) to (Rev. 16)






Copyright 1986-2022 Xilinx, Inc. All Rights Reserved. Copyright 2022-2023 Advanced Micro Devices, Inc. All Rights Reserved.
---------------------------------------------------------------------------------------------------------------------------------------------
| Tool Version : Vivado v.2023.1 (lin64) Build 3865809 Sun May  7 15:04:56 MDT 2023
| Date         : Thu Nov  9 13:15:50 2023
| Host         : xoc2.ewi.utwente.nl running 64-bit CentOS Linux release 7.9.2009 (Core)
| Command      : upgrade_ip
| Device       : xck26-sfvc784-2LV-c
---------------------------------------------------------------------------------------------------------------------------------------------

Upgrade Log for IP 'Main_convoluter_0_1'

1. Summary
----------

SUCCESS in the upgrade of Main_convoluter_0_1 (caes:user:convoluter:1.0) from (Rev. 14) to (Rev. 15)






Copyright 1986-2022 Xilinx, Inc. All Rights Reserved. Copyright 2022-2023 Advanced Micro Devices, Inc. All Rights Reserved.
---------------------------------------------------------------------------------------------------------------------------------------------
| Tool Version : Vivado v.2023.1 (lin64) Build 3865809 Sun May  7 15:04:56 MDT 2023
| Date         : Tue Nov  7 21:12:12 2023
| Host         : xoc2.ewi.utwente.nl running 64-bit CentOS Linux release 7.9.2009 (Core)
| Command      : upgrade_ip
| Device       : xck26-sfvc784-2LV-c
---------------------------------------------------------------------------------------------------------------------------------------------

Upgrade Log for IP 'Main_convoluter_0_1'

1. Summary
----------

SUCCESS in the upgrade of Main_convoluter_0_1 (caes:user:convoluter:1.0) from (Rev. 13) to (Rev. 14)






Copyright 1986-2022 Xilinx, Inc. All Rights Reserved. Copyright 2022-2023 Advanced Micro Devices, Inc. All Rights Reserved.
---------------------------------------------------------------------------------------------------------------------------------------------
| Tool Version : Vivado v.2023.1 (lin64) Build 3865809 Sun May  7 15:04:56 MDT 2023
| Date         : Tue Nov  7 20:36:04 2023
| Host         : xoc2.ewi.utwente.nl running 64-bit CentOS Linux release 7.9.2009 (Core)
| Command      : upgrade_ip
| Device       : xck26-sfvc784-2LV-c
---------------------------------------------------------------------------------------------------------------------------------------------

Upgrade Log for IP 'Main_convoluter_0_1'

1. Summary
----------

SUCCESS in the upgrade of Main_convoluter_0_1 (caes:user:convoluter:1.0) from (Rev. 12) to (Rev. 13)






Copyright 1986-2022 Xilinx, Inc. All Rights Reserved. Copyright 2022-2023 Advanced Micro Devices, Inc. All Rights Reserved.
---------------------------------------------------------------------------------------------------------------------------------------------
| Tool Version : Vivado v.2023.1 (lin64) Build 3865809 Sun May  7 15:04:56 MDT 2023
| Date         : Tue Nov  7 19:53:01 2023
| Host         : xoc2.ewi.utwente.nl running 64-bit CentOS Linux release 7.9.2009 (Core)
| Command      : upgrade_ip
| Device       : xck26-sfvc784-2LV-c
---------------------------------------------------------------------------------------------------------------------------------------------

Upgrade Log for IP 'Main_convoluter_0_1'

1. Summary
----------

SUCCESS in the upgrade of Main_convoluter_0_1 (caes:user:convoluter:1.0) from (Rev. 11) to (Rev. 12)






Copyright 1986-2022 Xilinx, Inc. All Rights Reserved. Copyright 2022-2023 Advanced Micro Devices, Inc. All Rights Reserved.
---------------------------------------------------------------------------------------------------------------------------------------------
| Tool Version : Vivado v.2023.1 (lin64) Build 3865809 Sun May  7 15:04:56 MDT 2023
| Date         : Tue Nov  7 17:47:41 2023
| Host         : xoc2.ewi.utwente.nl running 64-bit CentOS Linux release 7.9.2009 (Core)
| Command      : upgrade_ip
| Device       : xck26-sfvc784-2LV-c
---------------------------------------------------------------------------------------------------------------------------------------------

Upgrade Log for IP 'Main_convoluter_0_1'

1. Summary
----------

SUCCESS in the upgrade of Main_convoluter_0_1 (caes:user:convoluter:1.0) from (Rev. 10) to (Rev. 11)






Copyright 1986-2022 Xilinx, Inc. All Rights Reserved. Copyright 2022-2023 Advanced Micro Devices, Inc. All Rights Reserved.
---------------------------------------------------------------------------------------------------------------------------------------------
| Tool Version : Vivado v.2023.1 (lin64) Build 3865809 Sun May  7 15:04:56 MDT 2023
| Date         : Tue Nov  7 16:42:35 2023
| Host         : xoc2.ewi.utwente.nl running 64-bit CentOS Linux release 7.9.2009 (Core)
| Command      : upgrade_ip
| Device       : xck26-sfvc784-2LV-c
---------------------------------------------------------------------------------------------------------------------------------------------

Upgrade Log for IP 'Main_convoluter_0_1'

1. Summary
----------

SUCCESS in the upgrade of Main_convoluter_0_1 (caes:user:convoluter:1.0) from (Rev. 9) to (Rev. 10)






Copyright 1986-2022 Xilinx, Inc. All Rights Reserved. Copyright 2022-2023 Advanced Micro Devices, Inc. All Rights Reserved.
---------------------------------------------------------------------------------------------------------------------------------------------
| Tool Version : Vivado v.2023.1 (lin64) Build 3865809 Sun May  7 15:04:56 MDT 2023
| Date         : Tue Nov  7 15:22:17 2023
| Host         : xoc2.ewi.utwente.nl running 64-bit CentOS Linux release 7.9.2009 (Core)
| Command      : upgrade_ip
| Device       : xck26-sfvc784-2LV-c
---------------------------------------------------------------------------------------------------------------------------------------------

Upgrade Log for IP 'Main_convoluter_0_1'

1. Summary
----------

SUCCESS in the upgrade of Main_convoluter_0_1 (caes:user:convoluter:1.0) from (Rev. 8) to (Rev. 9)






Copyright 1986-2022 Xilinx, Inc. All Rights Reserved. Copyright 2022-2023 Advanced Micro Devices, Inc. All Rights Reserved.
---------------------------------------------------------------------------------------------------------------------------------------------
| Tool Version : Vivado v.2023.1 (lin64) Build 3865809 Sun May  7 15:04:56 MDT 2023
| Date         : Mon Nov  6 23:19:10 2023
| Host         : xoc2.ewi.utwente.nl running 64-bit CentOS Linux release 7.9.2009 (Core)
| Command      : upgrade_ip
| Device       : xck26-sfvc784-2LV-c
---------------------------------------------------------------------------------------------------------------------------------------------

Upgrade Log for IP 'Main_convoluter_0_1'

1. Summary
----------

SUCCESS in the upgrade of Main_convoluter_0_1 (caes:user:convoluter:1.0) from (Rev. 7) to (Rev. 8)






Copyright 1986-2022 Xilinx, Inc. All Rights Reserved. Copyright 2022-2023 Advanced Micro Devices, Inc. All Rights Reserved.
---------------------------------------------------------------------------------------------------------------------------------------------
| Tool Version : Vivado v.2023.1 (lin64) Build 3865809 Sun May  7 15:04:56 MDT 2023
| Date         : Mon Nov  6 19:20:39 2023
| Host         : xoc2.ewi.utwente.nl running 64-bit CentOS Linux release 7.9.2009 (Core)
| Command      : upgrade_ip
| Device       : xck26-sfvc784-2LV-c
---------------------------------------------------------------------------------------------------------------------------------------------

Upgrade Log for IP 'Main_convoluter_0_1'

1. Summary
----------

SUCCESS in the upgrade of Main_convoluter_0_1 (caes:user:convoluter:1.0) from (Rev. 6) to (Rev. 7)






Copyright 1986-2022 Xilinx, Inc. All Rights Reserved. Copyright 2022-2023 Advanced Micro Devices, Inc. All Rights Reserved.
---------------------------------------------------------------------------------------------------------------------------------------------
| Tool Version : Vivado v.2023.1 (lin64) Build 3865809 Sun May  7 15:04:56 MDT 2023
| Date         : Mon Nov  6 17:53:09 2023
| Host         : xoc2.ewi.utwente.nl running 64-bit CentOS Linux release 7.9.2009 (Core)
| Command      : upgrade_ip
| Device       : xck26-sfvc784-2LV-c
---------------------------------------------------------------------------------------------------------------------------------------------

Upgrade Log for IP 'Main_convoluter_0_1'

1. Summary
----------

SUCCESS in the upgrade of Main_convoluter_0_1 (caes:user:convoluter:1.0) from (Rev. 5) to (Rev. 6)






Copyright 1986-2022 Xilinx, Inc. All Rights Reserved. Copyright 2022-2023 Advanced Micro Devices, Inc. All Rights Reserved.
---------------------------------------------------------------------------------------------------------------------------------------------
| Tool Version : Vivado v.2023.1 (lin64) Build 3865809 Sun May  7 15:04:56 MDT 2023
| Date         : Mon Nov  6 17:30:46 2023
| Host         : xoc2.ewi.utwente.nl running 64-bit CentOS Linux release 7.9.2009 (Core)
| Command      : upgrade_ip
| Device       : xck26-sfvc784-2LV-c
---------------------------------------------------------------------------------------------------------------------------------------------

Upgrade Log for IP 'Main_convoluter_0_1'

1. Summary
----------

SUCCESS in the upgrade of Main_convoluter_0_1 (caes:user:convoluter:1.0) from (Rev. 4) to (Rev. 5)






Copyright 1986-2022 Xilinx, Inc. All Rights Reserved. Copyright 2022-2023 Advanced Micro Devices, Inc. All Rights Reserved.
---------------------------------------------------------------------------------------------------------------------------------------------
| Tool Version : Vivado v.2023.1 (lin64) Build 3865809 Sun May  7 15:04:56 MDT 2023
| Date         : Mon Nov  6 17:14:23 2023
| Host         : xoc2.ewi.utwente.nl running 64-bit CentOS Linux release 7.9.2009 (Core)
| Command      : upgrade_ip
| Device       : xck26-sfvc784-2LV-c
---------------------------------------------------------------------------------------------------------------------------------------------

Upgrade Log for IP 'Main_convoluter_0_1'

1. Summary
----------

SUCCESS in the upgrade of Main_convoluter_0_1 (caes:user:convoluter:1.0) from (Rev. 3) to (Rev. 4)






Copyright 1986-2022 Xilinx, Inc. All Rights Reserved. Copyright 2022-2023 Advanced Micro Devices, Inc. All Rights Reserved.
---------------------------------------------------------------------------------------------------------------------------------------------
| Tool Version : Vivado v.2023.1 (lin64) Build 3865809 Sun May  7 15:04:56 MDT 2023
| Date         : Fri Nov  3 17:02:30 2023
| Host         : xoc2.ewi.utwente.nl running 64-bit CentOS Linux release 7.9.2009 (Core)
| Command      : upgrade_ip
| Device       : xck26-sfvc784-2LV-c
---------------------------------------------------------------------------------------------------------------------------------------------

Upgrade Log for IP 'Main_convoluter_0_1'

1. Summary
----------

SUCCESS in the upgrade of Main_convoluter_0_1 (caes:user:convoluter:1.0) from (Rev. 2) to (Rev. 3)

