
*** Running vivado
    with args -log convoluter.vds -m64 -product Vivado -mode batch -messageDb vivado.pb -notrace -source convoluter.tcl

WARNING: Default location for XILINX_VIVADO_HLS not found
WARNING: Default location for XILINX_HLS not found

****** Vivado v2023.1 (64-bit)
  **** SW Build 3865809 on Sun May  7 15:04:56 MDT 2023
  **** IP Build 3864474 on Sun May  7 20:36:21 MDT 2023
  **** SharedData Build 3865790 on Sun May 07 13:33:03 MDT 2023
    ** Copyright 1986-2022 Xilinx, Inc. All Rights Reserved.
    ** Copyright 2022-2023 Advanced Micro Devices, Inc. All Rights Reserved.

source convoluter.tcl -notrace
create_project: Time (s): cpu = 00:00:07 ; elapsed = 00:00:08 . Memory (MB): peak = 2537.168 ; gain = 116.984 ; free physical = 35520 ; free virtual = 147560
INFO: [IP_Flow 19-234] Refreshing IP repositories
INFO: [IP_Flow 19-1700] Loaded user IP repository '/home/s3310914/Documents/ip_repo'.
WARNING: [IP_Flow 19-2248] Failed to load user IP repository '/home/s3310914/Documents/eca1/ip_repo'; Can't find the specified path.
If this directory should no longer be in your list of user repositories, go to the IP Settings dialog and remove it.
WARNING: [IP_Flow 19-3685] Ignored loading user repository '/home/s3310914/Documents/eca1/ip_repo/myip_1_0'. The path is contained within another repository.
INFO: [IP_Flow 19-2313] Loaded Vivado IP repository '/remote/labware/packages/xilinx/vivado/2023.1/data/ip'.
Command: read_checkpoint -auto_incremental -incremental /home/s3310914/Documents/eca1/fifo_dma/fifo_dma.srcs/utils_1/imports/synth_1/inverter.dcp
INFO: [Vivado 12-5825] Read reference checkpoint from /home/s3310914/Documents/eca1/fifo_dma/fifo_dma.srcs/utils_1/imports/synth_1/inverter.dcp for incremental synthesis
INFO: [Vivado 12-7989] Please ensure there are no constraint changes
Command: synth_design -top convoluter -part xck26-sfvc784-2LV-c
Starting synth_design
Attempting to get a license for feature 'Synthesis' and/or device 'xck26'
INFO: [Common 17-349] Got license for feature 'Synthesis' and/or device 'xck26'
INFO: [Device 21-403] Loading part xck26-sfvc784-2LV-c
INFO: [Designutils 20-5440] No compile time benefit to using incremental synthesis; A full resynthesis will be run
INFO: [Designutils 20-4379] Flow is switching to default flow due to incremental criteria not met. If you would like to alter this behaviour and have the flow terminate instead, please set the following parameter config_implementation {autoIncr.Synth.RejectBehavior Terminate}
INFO: [Synth 8-7079] Multithreading enabled for synth_design using a maximum of 4 processes.
INFO: [Synth 8-7078] Launching helper process for spawning children vivado processes
INFO: [Synth 8-7075] Helper process launched with PID 169086
---------------------------------------------------------------------------------
Starting RTL Elaboration : Time (s): cpu = 00:00:04 ; elapsed = 00:00:04 . Memory (MB): peak = 3784.070 ; gain = 252.820 ; free physical = 33913 ; free virtual = 145970
---------------------------------------------------------------------------------
ERROR: [Synth 8-36] 'k' is not declared [/home/s3310914/Documents/eca1/fifo_dma/fifo_dma.srcs/sources_1/new/inverter.vhd:119]
ERROR: [Synth 8-36] 'l' is not declared [/home/s3310914/Documents/eca1/fifo_dma/fifo_dma.srcs/sources_1/new/inverter.vhd:160]
INFO: [Synth 8-11252] unit 'behavioral' is ignored due to previous errors [/home/s3310914/Documents/eca1/fifo_dma/fifo_dma.srcs/sources_1/new/inverter.vhd:172]
INFO: [Synth 8-10443] VHDL file '/home/s3310914/Documents/eca1/fifo_dma/fifo_dma.srcs/sources_1/new/inverter.vhd' is ignored due to errors
---------------------------------------------------------------------------------
Finished RTL Elaboration : Time (s): cpu = 00:00:05 ; elapsed = 00:00:06 . Memory (MB): peak = 3845.043 ; gain = 313.793 ; free physical = 33822 ; free virtual = 145863
---------------------------------------------------------------------------------
RTL Elaboration failed
INFO: [Common 17-83] Releasing license: Synthesis
15 Infos, 2 Warnings, 0 Critical Warnings and 3 Errors encountered.
synth_design failed
ERROR: [Common 17-69] Command failed: Synthesis failed - please see the console or run log file for details
INFO: [Common 17-206] Exiting Vivado at Thu Nov  9 13:22:30 2023...
