
*** Running vivado
    with args -log Main_xbar_0.vds -m64 -product Vivado -mode batch -messageDb vivado.pb -notrace -source Main_xbar_0.tcl

WARNING: Default location for XILINX_VIVADO_HLS not found
WARNING: Default location for XILINX_HLS not found

****** Vivado v2023.1 (64-bit)
  **** SW Build 3865809 on Sun May  7 15:04:56 MDT 2023
  **** IP Build 3864474 on Sun May  7 20:36:21 MDT 2023
  **** SharedData Build 3865790 on Sun May 07 13:33:03 MDT 2023
    ** Copyright 1986-2022 Xilinx, Inc. All Rights Reserved.
    ** Copyright 2022-2023 Advanced Micro Devices, Inc. All Rights Reserved.

source Main_xbar_0.tcl -notrace
create_project: Time (s): cpu = 00:00:07 ; elapsed = 00:00:07 . Memory (MB): peak = 2537.164 ; gain = 117.984 ; free physical = 150447 ; free virtual = 188487
INFO: [IP_Flow 19-6924] IPCACHE: Running cache check for IP inst: Main_xbar_0
INFO: [IP_Flow 19-6922] IPCACHE: Exporting cached entry f6b03bb65a9f1f87 to dir: /home/s3310914/Documents/eca1/DMA/DMA.runs/Main_xbar_0_synth_1
INFO: [IP_Flow 19-6928] IPCACHE: copied cached file /home/s3310914/Documents/eca1/DMA/DMA.cache/ip/2023.1/f/6/f6b03bb65a9f1f87/Main_xbar_0_stub.vhdl to /home/s3310914/Documents/eca1/DMA/DMA.runs/Main_xbar_0_synth_1/Main_xbar_0_stub.vhdl.
INFO: [IP_Flow 19-6928] IPCACHE: copied cached file /home/s3310914/Documents/eca1/DMA/DMA.cache/ip/2023.1/f/6/f6b03bb65a9f1f87/Main_xbar_0_sim_netlist.v to /home/s3310914/Documents/eca1/DMA/DMA.runs/Main_xbar_0_synth_1/Main_xbar_0_sim_netlist.v.
INFO: [IP_Flow 19-6928] IPCACHE: copied cached file /home/s3310914/Documents/eca1/DMA/DMA.cache/ip/2023.1/f/6/f6b03bb65a9f1f87/Main_xbar_0_stub.v to /home/s3310914/Documents/eca1/DMA/DMA.runs/Main_xbar_0_synth_1/Main_xbar_0_stub.v.
INFO: [IP_Flow 19-6928] IPCACHE: copied cached file /home/s3310914/Documents/eca1/DMA/DMA.cache/ip/2023.1/f/6/f6b03bb65a9f1f87/Main_xbar_0_sim_netlist.vhdl to /home/s3310914/Documents/eca1/DMA/DMA.runs/Main_xbar_0_synth_1/Main_xbar_0_sim_netlist.vhdl.
INFO: [IP_Flow 19-6928] IPCACHE: copied cached file /home/s3310914/Documents/eca1/DMA/DMA.cache/ip/2023.1/f/6/f6b03bb65a9f1f87/Main_xbar_0.dcp to /home/s3310914/Documents/eca1/DMA/DMA.runs/Main_xbar_0_synth_1/Main_xbar_0.dcp.
INFO: [IP_Flow 19-4838] Using cached IP synthesis design for IP Main_xbar_0, cache-ID = f6b03bb65a9f1f87.
INFO: [Common 17-206] Exiting Vivado at Thu Oct 26 15:27:45 2023...
