26
64
-2
-4
-2
-32
20
28
-7
-30
0
0
5
-56
20
-96
-17
-44
-10
96
-2
117
14
96
-20
-38
-10
16
7
119
-46
91
-8
-119
15
-103
36
-124
1
-32
20
15
11
46
27
-43
29
-116
-15
-41
-31
-90
26
39
-32
-59
-19
-12
6
24
26
-106
48
-121
-19
-84
9
-40
7
127
-4
-114
-16
84
2
-89
5
124
6
-56
-6
114
-15
-56
8
-24
-3
-28
7
70
10
-128
23
34
19
-24
-1
-92
0
60
-19
-28
0
126
16
11
0
102
7
-27
1
-50
17
14
-35
-112
23
-102
-27
-4
32
-24
11
-75
-50
50
-37
67
-43
8
1
-5
-5
-36
5
-91
-1
-52
34
-127
-9
99
-10
-90
-26
56
-57
84
-7
92
-10
-105
-20
-32
12
-30
43
28
3
-70
-18
-40
25
80
-16
36
0
76
6
-64
11
-76
-11
121
-40
-15
2
-42
-31
-24
28
-92
26
40
-20
-96
24
18
-50
-104
47
120
-2
80
25
-124
-20
50
-9
